<?xml version="1.0" encoding="UTF-8"?>
<!-- Generated by org.testng.reporters.JUnitXMLReporter -->
<testsuite hostname="Kennys-iMac" ignored="0" name="Test" tests="19" failures="1" timestamp="28 Jun 2019 19:37:15 GMT" time="53.08" errors="0">
  <testcase name="takeScreenShottest" time="0.004" classname="Screenshots.TakeScreenShot">
    <failure type="java.lang.AssertionError" message="expected:&amp;lt;false&amp;gt; but was:&amp;lt;true&amp;gt;">
      <![CDATA[java.lang.AssertionError: expected:<false> but was:<true>
at Screenshots.TakeScreenShot.takeScreenShottest(TakeScreenShot.java:34)
... Removed 30 stack frames]]>
    </failure>
  </testcase> <!-- takeScreenShottest -->
  <testcase name="AppdemoTest" time="0.044" classname="com.amplifylife.testcases.homePageTest"/>
  <testcase name="GetPageTitleTest" time="0.004" classname="com.amplifylife.testcases.homePageTest"/>
  <testcase name="LifelineApp" time="0.026" classname="com.amplifylife.testcases.homePageTest"/>
  <testcase name="LifelineText" time="0.025" classname="com.amplifylife.testcases.homePageTest"/>
  <testcase name="amplifyLogoTest" time="0.027" classname="com.amplifylife.testcases.homePageTest"/>
  <testcase name="challengesTest" time="0.025" classname="com.amplifylife.testcases.homePageTest"/>
  <testcase name="challengesTextTest" time="0.026" classname="com.amplifylife.testcases.homePageTest"/>
  <testcase name="coachesTextTest" time="0.026" classname="com.amplifylife.testcases.homePageTest"/>
  <testcase name="coachingTest" time="0.032" classname="com.amplifylife.testcases.homePageTest"/>
  <testcase name="devicesTest" time="0.025" classname="com.amplifylife.testcases.homePageTest"/>
  <testcase name="devicesTextTest" time="0.028" classname="com.amplifylife.testcases.homePageTest"/>
  <testcase name="eventsDisplay" time="0.026" classname="com.amplifylife.testcases.homePageTest"/>
  <testcase name="eventsTextTest" time="0.023" classname="com.amplifylife.testcases.homePageTest"/>
  <testcase name="insightsTest" time="0.024" classname="com.amplifylife.testcases.homePageTest"/>
  <testcase name="insightsTextTest" time="0.023" classname="com.amplifylife.testcases.homePageTest"/>
  <testcase name="testAndroidLink" time="1.214" classname="com.amplifylife.testcases.homePageTest"/>
  <testcase name="testIosLink" time="1.081" classname="com.amplifylife.testcases.homePageTest"/>
  <testcase name="theteamLink" time="0.105" classname="com.amplifylife.testcases.homePageTest"/>
</testsuite> <!-- Test -->
